<?xml version="1.0" encoding="UTF-8"?>
<!-- Generated by org.testng.reporters.JUnitReportReporter -->
<testsuite skipped="0" hostname="ShanuDilipSingh10" name="Testcase.TC002Creatingaccount" tests="1" failures="0" timestamp="15 Nov 2021 13:36:18 GMT" time="9.804" errors="0">
  <testcase name="AccountCreation" time="9.804" classname="Testcase.TC002Creatingaccount"/>
</testsuite> <!-- Testcase.TC002Creatingaccount -->
