<?xml version="1.0" encoding="UTF-8"?>
<!-- Generated by org.testng.reporters.JUnitReportReporter -->
<testsuite skipped="0" hostname="ShanuDilipSingh10" name="Utlities.Excel_Data" tests="1" failures="0" timestamp="12 Nov 2021 20:38:40 GMT" time="0.951" errors="0">
  <testcase name="GettingExcelData" time="0.951" classname="Utlities.Excel_Data"/>
</testsuite> <!-- Utlities.Excel_Data -->
