<?xml version="1.0" encoding="UTF-8"?>
<!-- Generated by org.testng.reporters.JUnitReportReporter -->
<testsuite skipped="0" hostname="ShanuDilipSingh10" name="Testcase.TC001Landing" tests="1" failures="0" timestamp="15 Nov 2021 01:10:34 GMT" time="0.094" errors="0">
  <testcase name="Homepage" time="0.094" classname="Testcase.TC001Landing"/>
</testsuite> <!-- Testcase.TC001Landing -->
