<?xml version="1.0" encoding="UTF-8"?>
<!-- Generated by org.testng.reporters.JUnitReportReporter -->
<testsuite hostname="ShanuDilipSingh10" failures="0" tests="1" name="Testcase.TC003Creatingaccount" time="18.312" errors="0" timestamp="03 Nov. 2021 21:42:56 GMT" skipped="0">
  <testcase classname="Testcase.TC003Creatingaccount" name="AccountCreation" time="18.312"/>
</testsuite> <!-- Testcase.TC003Creatingaccount -->
