<?xml version="1.0" encoding="UTF-8"?>
<!-- Generated by org.testng.reporters.JUnitReportReporter -->
<testsuite skipped="0" hostname="ShanuDilipSingh10" name="Testcase.TC003Creatingaccount" tests="1" failures="0" timestamp="10 Nov 2021 14:05:17 GMT" time="25.918" errors="0">
  <testcase name="AccountCreation" time="25.918" classname="Testcase.TC003Creatingaccount"/>
</testsuite> <!-- Testcase.TC003Creatingaccount -->
