<?xml version="1.0" encoding="UTF-8"?>
<!-- Generated by org.testng.reporters.JUnitReportReporter -->
<testsuite skipped="0" hostname="ShanuDilipSingh10" name="Testcase.TC001Landing" tests="1" failures="0" timestamp="10 Nov 2021 14:05:17 GMT" time="14.953" errors="0">
  <testcase name="Homepage" time="14.953" classname="Testcase.TC001Landing"/>
</testsuite> <!-- Testcase.TC001Landing -->
