<?xml version="1.0" encoding="UTF-8"?>
<!-- Generated by org.testng.reporters.JUnitReportReporter -->
<testsuite skipped="0" hostname="ShanuDilipSingh10" name="Testcase.TC002SignIn" tests="1" failures="0" timestamp="10 Nov 2021 14:05:17 GMT" time="19.555" errors="0">
  <testcase name="singin" time="19.555" classname="Testcase.TC002SignIn"/>
</testsuite> <!-- Testcase.TC002SignIn -->
