<?xml version="1.0" encoding="UTF-8"?>
<!-- Generated by org.testng.reporters.JUnitReportReporter -->
<testsuite skipped="0" hostname="ShanuDilipSingh10" name="Testcase.TC004Logout" tests="1" failures="0" timestamp="15 Nov 2021 13:21:47 GMT" time="10.244" errors="0">
  <testcase name="Loggingout" time="10.244" classname="Testcase.TC004Logout"/>
</testsuite> <!-- Testcase.TC004Logout -->
